# JRE version: Java(TM) SE Runtime Environment (8.0_144-b01) (build 1.8.0_144-b01)
# Java VM: Java HotSpot(TM) 64-Bit Server VM (25.144-b01 mixed mode windows-amd64 compressed oops)
Heap:
 PSYoungGen      total 2253824K, used 1395148K [0x0000000715580000, 0x00000007bcd80000, 0x00000007c0000000)
  eden space 2168832K, 60% used [0x0000000715580000,0x0000000765526210,0x0000000799b80000)
  from space 84992K, 99% used [0x0000000799b80000,0x000000079ee4cf00,0x000000079ee80000)
  to   space 287744K, 0% used [0x00000007ab480000,0x00000007ab480000,0x00000007bcd80000)
 ParOldGen       total 2660864K, used 1209900K [0x00000005c0000000, 0x0000000662680000, 0x0000000715580000)
  object space 2660864K, 45% used [0x00000005c0000000,0x0000000609d8b350,0x0000000662680000)
 Metaspace       used 87512K, capacity 91528K, committed 91904K, reserved 1130496K
  class space    used 10008K, capacity 10625K, committed 10752K, reserved 1048576K
GC Heap History (10 events):
Event: 15998.529 GC heap before
{Heap before GC invocations=144 (full 13):
 PSYoungGen      total 2475008K, used 65038K [0x0000000715580000, 0x00000007c0000000, 0x00000007c0000000)
  eden space 2152960K, 3% used [0x0000000715580000,0x0000000719503af8,0x0000000798c00000)
  from space 322048K, 0% used [0x00000007ac580000,0x00000007ac580000,0x00000007c0000000)
  to   space 321024K, 0% used [0x0000000798c00000,0x0000000798c00000,0x00000007ac580000)
 ParOldGen       total 2660864K, used 1209924K [0x00000005c0000000, 0x0000000662680000, 0x0000000715580000)
  object space 2660864K, 45% used [0x00000005c0000000,0x0000000609d91120,0x0000000662680000)
 Metaspace       used 87212K, capacity 91126K, committed 91520K, reserved 1130496K
  class space    used 9965K, capacity 10570K, committed 10624K, reserved 1048576K
Event: 15998.533 GC heap after
Heap after GC invocations=144 (full 13):
 PSYoungGen      total 2473984K, used 128K [0x0000000715580000, 0x00000007c0000000, 0x00000007c0000000)
  eden space 2152960K, 0% used [0x0000000715580000,0x0000000715580000,0x0000000798c00000)
  from space 321024K, 0% used [0x0000000798c00000,0x0000000798c20000,0x00000007ac580000)
  to   space 316928K, 0% used [0x00000007aca80000,0x00000007aca80000,0x00000007c0000000)
 ParOldGen       total 2660864K, used 1209924K [0x00000005c0000000, 0x0000000662680000, 0x0000000715580000)
  object space 2660864K, 45% used [0x00000005c0000000,0x0000000609d91120,0x0000000662680000)
 Metaspace       used 87212K, capacity 91126K, committed 91520K, reserved 1130496K
  class space    used 9965K, capacity 10570K, committed 10624K, reserved 1048576K
}
Event: 15998.533 GC heap before
{Heap before GC invocations=145 (full 14):
 PSYoungGen      total 2473984K, used 128K [0x0000000715580000, 0x00000007c0000000, 0x00000007c0000000)
  eden space 2152960K, 0% used [0x0000000715580000,0x0000000715580000,0x0000000798c00000)
  from space 321024K, 0% used [0x0000000798c00000,0x0000000798c20000,0x00000007ac580000)
  to   space 316928K, 0% used [0x00000007aca80000,0x00000007aca80000,0x00000007c0000000)
 ParOldGen       total 2660864K, used 1209924K [0x00000005c0000000, 0x0000000662680000, 0x0000000715580000)
  object space 2660864K, 45% used [0x00000005c0000000,0x0000000609d91120,0x0000000662680000)
 Metaspace       used 87212K, capacity 91126K, committed 91520K, reserved 1130496K
  class space    used 9965K, capacity 10570K, committed 10624K, reserved 1048576K
Event: 16001.477 GC heap after
Heap after GC invocations=145 (full 14):
 PSYoungGen      total 2473984K, used 0K [0x0000000715580000, 0x00000007c0000000, 0x00000007c0000000)
  eden space 2152960K, 0% used [0x0000000715580000,0x0000000715580000,0x0000000798c00000)
  from space 321024K, 0% used [0x0000000798c00000,0x0000000798c00000,0x00000007ac580000)
  to   space 316928K, 0% used [0x00000007aca80000,0x00000007aca80000,0x00000007c0000000)
 ParOldGen       total 2660864K, used 1209904K [0x00000005c0000000, 0x0000000662680000, 0x0000000715580000)
  object space 2660864K, 45% used [0x00000005c0000000,0x0000000609d8c0c0,0x0000000662680000)
 Metaspace       used 87212K, capacity 91126K, committed 91520K, reserved 1130496K
  class space    used 9965K, capacity 10570K, committed 10624K, reserved 1048576K
}
Event: 16028.529 GC heap before
{Heap before GC invocations=146 (full 14):
 PSYoungGen      total 2473984K, used 39865K [0x0000000715580000, 0x00000007c0000000, 0x00000007c0000000)
  eden space 2152960K, 1% used [0x0000000715580000,0x0000000717c6e420,0x0000000798c00000)
  from space 321024K, 0% used [0x0000000798c00000,0x0000000798c00000,0x00000007ac580000)
  to   space 316928K, 0% used [0x00000007aca80000,0x00000007aca80000,0x00000007c0000000)
 ParOldGen       total 2660864K, used 1209904K [0x00000005c0000000, 0x0000000662680000, 0x0000000715580000)
  object space 2660864K, 45% used [0x00000005c0000000,0x0000000609d8c0c0,0x0000000662680000)
 Metaspace       used 87212K, capacity 91126K, committed 91520K, reserved 1130496K
  class space    used 9965K, capacity 10570K, committed 10624K, reserved 1048576K
Event: 16028.533 GC heap after
Heap after GC invocations=146 (full 14):
 PSYoungGen      total 2485760K, used 160K [0x0000000715580000, 0x00000007c0000000, 0x00000007c0000000)
  eden space 2168832K, 0% used [0x0000000715580000,0x0000000715580000,0x0000000799b80000)
  from space 316928K, 0% used [0x00000007aca80000,0x00000007acaa8000,0x00000007c0000000)
  to   space 310272K, 0% used [0x0000000799b80000,0x0000000799b80000,0x00000007aca80000)
 ParOldGen       total 2660864K, used 1209904K [0x00000005c0000000, 0x0000000662680000, 0x0000000715580000)
  object space 2660864K, 45% used [0x00000005c0000000,0x0000000609d8c0c0,0x0000000662680000)
 Metaspace       used 87212K, capacity 91126K, committed 91520K, reserved 1130496K
  class space    used 9965K, capacity 10570K, committed 10624K, reserved 1048576K
}
Event: 16028.533 GC heap before
{Heap before GC invocations=147 (full 15):
 PSYoungGen      total 2485760K, used 160K [0x0000000715580000, 0x00000007c0000000, 0x00000007c0000000)
  eden space 2168832K, 0% used [0x0000000715580000,0x0000000715580000,0x0000000799b80000)
  from space 316928K, 0% used [0x00000007aca80000,0x00000007acaa8000,0x00000007c0000000)
  to   space 310272K, 0% used [0x0000000799b80000,0x0000000799b80000,0x00000007aca80000)
 ParOldGen       total 2660864K, used 1209904K [0x00000005c0000000, 0x0000000662680000, 0x0000000715580000)
  object space 2660864K, 45% used [0x00000005c0000000,0x0000000609d8c0c0,0x0000000662680000)
 Metaspace       used 87212K, capacity 91126K, committed 91520K, reserved 1130496K
  class space    used 9965K, capacity 10570K, committed 10624K, reserved 1048576K
Event: 16029.490 GC heap after
Heap after GC invocations=147 (full 15):
 PSYoungGen      total 2485760K, used 0K [0x0000000715580000, 0x00000007c0000000, 0x00000007c0000000)
  eden space 2168832K, 0% used [0x0000000715580000,0x0000000715580000,0x0000000799b80000)
  from space 316928K, 0% used [0x00000007aca80000,0x00000007aca80000,0x00000007c0000000)
  to   space 310272K, 0% used [0x0000000799b80000,0x0000000799b80000,0x00000007aca80000)
 ParOldGen       total 2660864K, used 1209892K [0x00000005c0000000, 0x0000000662680000, 0x0000000715580000)
  object space 2660864K, 45% used [0x00000005c0000000,0x0000000609d89350,0x0000000662680000)
 Metaspace       used 87212K, capacity 91126K, committed 91520K, reserved 1130496K
  class space    used 9965K, capacity 10570K, committed 10624K, reserved 1048576K
}
Event: 16291.420 GC heap before
{Heap before GC invocations=148 (full 15):
 PSYoungGen      total 2485760K, used 2168832K [0x0000000715580000, 0x00000007c0000000, 0x00000007c0000000)
  eden space 2168832K, 100% used [0x0000000715580000,0x0000000799b80000,0x0000000799b80000)
  from space 316928K, 0% used [0x00000007aca80000,0x00000007aca80000,0x00000007c0000000)
  to   space 310272K, 0% used [0x0000000799b80000,0x0000000799b80000,0x00000007aca80000)
 ParOldGen       total 2660864K, used 1209892K [0x00000005c0000000, 0x0000000662680000, 0x0000000715580000)
  object space 2660864K, 45% used [0x00000005c0000000,0x0000000609d89350,0x0000000662680000)
 Metaspace       used 87489K, capacity 91518K, committed 91520K, reserved 1130496K
  class space    used 10007K, capacity 10624K, committed 10624K, reserved 1048576K
Event: 16291.479 GC heap after
Heap after GC invocations=148 (full 15):
 PSYoungGen      total 2253824K, used 84787K [0x0000000715580000, 0x00000007bcd80000, 0x00000007c0000000)
  eden space 2168832K, 0% used [0x0000000715580000,0x0000000715580000,0x0000000799b80000)
  from space 84992K, 99% used [0x0000000799b80000,0x000000079ee4cf00,0x000000079ee80000)
  to   space 287744K, 0% used [0x00000007ab480000,0x00000007ab480000,0x00000007bcd80000)
 ParOldGen       total 2660864K, used 1209900K [0x00000005c0000000, 0x0000000662680000, 0x0000000715580000)
  object space 2660864K, 45% used [0x00000005c0000000,0x0000000609d8b350,0x0000000662680000)
 Metaspace       used 87489K, capacity 91518K, committed 91520K, reserved 1130496K
  class space    used 10007K, capacity 10624K, committed 10624K, reserved 1048576K
}

