# JRE version: Java(TM) SE Runtime Environment (8.0_101-b13) (build 1.8.0_101-b13)
# Java VM: Java HotSpot(TM) 64-Bit Server VM (25.101-b13 mixed mode windows-amd64 compressed oops)
Heap:
 PSYoungGen      total 202240K, used 48293K [0x00000006c0000000, 0x00000006fdd80000, 0x00000007c0000000)
  eden space 180736K, 26% used [0x00000006c0000000,0x00000006c2f29700,0x00000006cb080000)
  from space 21504K, 0% used [0x00000006cb080000,0x00000006cb080000,0x00000006cc580000)
  to   space 344576K, 0% used [0x00000006e8d00000,0x00000006e8d00000,0x00000006fdd80000)
 ParOldGen       total 956928K, used 326840K [0x00000004c0000000, 0x00000004fa680000, 0x00000006c0000000)
  object space 956928K, 34% used [0x00000004c0000000,0x00000004d3f2e2f8,0x00000004fa680000)
 Metaspace       used 34342K, capacity 35369K, committed 35456K, reserved 1081344K
  class space    used 4243K, capacity 4462K, committed 4480K, reserved 1048576K
GC Heap History (10 events):
Event: 2.036 GC heap before
{Heap before GC invocations=3 (full 1):
 PSYoungGen      total 153088K, used 131584K [0x00000006c0000000, 0x00000006caa80000, 0x00000007c0000000)
  eden space 131584K, 100% used [0x00000006c0000000,0x00000006c8080000,0x00000006c8080000)
  from space 21504K, 0% used [0x00000006c8080000,0x00000006c8080000,0x00000006c9580000)
  to   space 21504K, 0% used [0x00000006c9580000,0x00000006c9580000,0x00000006caa80000)
 ParOldGen       total 349696K, used 6606K [0x00000004c0000000, 0x00000004d5580000, 0x00000006c0000000)
  object space 349696K, 1% used [0x00000004c0000000,0x00000004c06739c8,0x00000004d5580000)
 Metaspace       used 28078K, capacity 28783K, committed 29056K, reserved 1075200K
  class space    used 3440K, capacity 3599K, committed 3712K, reserved 1048576K
Event: 2.040 GC heap after
Heap after GC invocations=3 (full 1):
 PSYoungGen      total 153088K, used 5837K [0x00000006c0000000, 0x00000006cc000000, 0x00000007c0000000)
  eden space 131584K, 0% used [0x00000006c0000000,0x00000006c0000000,0x00000006c8080000)
  from space 21504K, 27% used [0x00000006c9580000,0x00000006c9b33488,0x00000006caa80000)
  to   space 21504K, 0% used [0x00000006c8080000,0x00000006c8080000,0x00000006c9580000)
 ParOldGen       total 349696K, used 6614K [0x00000004c0000000, 0x00000004d5580000, 0x00000006c0000000)
  object space 349696K, 1% used [0x00000004c0000000,0x00000004c06759c8,0x00000004d5580000)
 Metaspace       used 28078K, capacity 28783K, committed 29056K, reserved 1075200K
  class space    used 3440K, capacity 3599K, committed 3712K, reserved 1048576K
}
Event: 2.122 GC heap before
{Heap before GC invocations=4 (full 1):
 PSYoungGen      total 153088K, used 137421K [0x00000006c0000000, 0x00000006cc000000, 0x00000007c0000000)
  eden space 131584K, 100% used [0x00000006c0000000,0x00000006c8080000,0x00000006c8080000)
  from space 21504K, 27% used [0x00000006c9580000,0x00000006c9b33488,0x00000006caa80000)
  to   space 21504K, 0% used [0x00000006c8080000,0x00000006c8080000,0x00000006c9580000)
 ParOldGen       total 349696K, used 6614K [0x00000004c0000000, 0x00000004d5580000, 0x00000006c0000000)
  object space 349696K, 1% used [0x00000004c0000000,0x00000004c06759c8,0x00000004d5580000)
 Metaspace       used 28192K, capacity 28911K, committed 29056K, reserved 1075200K
  class space    used 3441K, capacity 3599K, committed 3712K, reserved 1048576K
Event: 2.125 GC heap after
Heap after GC invocations=4 (full 1):
 PSYoungGen      total 153088K, used 3025K [0x00000006c0000000, 0x00000006cdb00000, 0x00000007c0000000)
  eden space 131584K, 0% used [0x00000006c0000000,0x00000006c0000000,0x00000006c8080000)
  from space 21504K, 14% used [0x00000006c8080000,0x00000006c8374748,0x00000006c9580000)
  to   space 21504K, 0% used [0x00000006cc600000,0x00000006cc600000,0x00000006cdb00000)
 ParOldGen       total 349696K, used 6622K [0x00000004c0000000, 0x00000004d5580000, 0x00000006c0000000)
  object space 349696K, 1% used [0x00000004c0000000,0x00000004c06779c8,0x00000004d5580000)
 Metaspace       used 28192K, capacity 28911K, committed 29056K, reserved 1075200K
  class space    used 3441K, capacity 3599K, committed 3712K, reserved 1048576K
}
Event: 2.348 GC heap before
{Heap before GC invocations=5 (full 1):
 PSYoungGen      total 153088K, used 134160K [0x00000006c0000000, 0x00000006cdb00000, 0x00000007c0000000)
  eden space 131584K, 99% used [0x00000006c0000000,0x00000006c800fa00,0x00000006c8080000)
  from space 21504K, 14% used [0x00000006c8080000,0x00000006c8374748,0x00000006c9580000)
  to   space 21504K, 0% used [0x00000006cc600000,0x00000006cc600000,0x00000006cdb00000)
 ParOldGen       total 349696K, used 6622K [0x00000004c0000000, 0x00000004d5580000, 0x00000006c0000000)
  object space 349696K, 1% used [0x00000004c0000000,0x00000004c06779c8,0x00000004d5580000)
 Metaspace       used 31457K, capacity 32401K, committed 32640K, reserved 1077248K
  class space    used 3918K, capacity 4112K, committed 4224K, reserved 1048576K
Event: 2.351 GC heap after
Heap after GC invocations=5 (full 1):
 PSYoungGen      total 201728K, used 4757K [0x00000006c0000000, 0x00000006cda80000, 0x00000007c0000000)
  eden space 180736K, 0% used [0x00000006c0000000,0x00000006c0000000,0x00000006cb080000)
  from space 20992K, 22% used [0x00000006cc600000,0x00000006ccaa54f0,0x00000006cda80000)
  to   space 21504K, 0% used [0x00000006cb080000,0x00000006cb080000,0x00000006cc580000)
 ParOldGen       total 349696K, used 6630K [0x00000004c0000000, 0x00000004d5580000, 0x00000006c0000000)
  object space 349696K, 1% used [0x00000004c0000000,0x00000004c06799c8,0x00000004d5580000)
 Metaspace       used 31457K, capacity 32401K, committed 32640K, reserved 1077248K
  class space    used 3918K, capacity 4112K, committed 4224K, reserved 1048576K
}
Event: 2.563 GC heap before
{Heap before GC invocations=6 (full 1):
 PSYoungGen      total 201728K, used 185493K [0x00000006c0000000, 0x00000006cda80000, 0x00000007c0000000)
  eden space 180736K, 100% used [0x00000006c0000000,0x00000006cb080000,0x00000006cb080000)
  from space 20992K, 22% used [0x00000006cc600000,0x00000006ccaa54f0,0x00000006cda80000)
  to   space 21504K, 0% used [0x00000006cb080000,0x00000006cb080000,0x00000006cc580000)
 ParOldGen       total 349696K, used 154707K [0x00000004c0000000, 0x00000004d5580000, 0x00000006c0000000)
  object space 349696K, 44% used [0x00000004c0000000,0x00000004c9714ed8,0x00000004d5580000)
 Metaspace       used 32220K, capacity 33257K, committed 33536K, reserved 1079296K
  class space    used 3999K, capacity 4226K, committed 4352K, reserved 1048576K
Event: 2.663 GC heap after
Heap after GC invocations=6 (full 1):
 PSYoungGen      total 202240K, used 21485K [0x00000006c0000000, 0x00000006fdd80000, 0x00000007c0000000)
  eden space 180736K, 0% used [0x00000006c0000000,0x00000006c0000000,0x00000006cb080000)
  from space 21504K, 99% used [0x00000006cb080000,0x00000006cc57b4a0,0x00000006cc580000)
  to   space 344576K, 0% used [0x00000006e8d00000,0x00000006e8d00000,0x00000006fdd80000)
 ParOldGen       total 646656K, used 634555K [0x00000004c0000000, 0x00000004e7780000, 0x00000006c0000000)
  object space 646656K, 98% used [0x00000004c0000000,0x00000004e6baef68,0x00000004e7780000)
 Metaspace       used 32220K, capacity 33257K, committed 33536K, reserved 1079296K
  class space    used 3999K, capacity 4226K, committed 4352K, reserved 1048576K
}
Event: 2.663 GC heap before
{Heap before GC invocations=7 (full 2):
 PSYoungGen      total 202240K, used 21485K [0x00000006c0000000, 0x00000006fdd80000, 0x00000007c0000000)
  eden space 180736K, 0% used [0x00000006c0000000,0x00000006c0000000,0x00000006cb080000)
  from space 21504K, 99% used [0x00000006cb080000,0x00000006cc57b4a0,0x00000006cc580000)
  to   space 344576K, 0% used [0x00000006e8d00000,0x00000006e8d00000,0x00000006fdd80000)
 ParOldGen       total 646656K, used 634555K [0x00000004c0000000, 0x00000004e7780000, 0x00000006c0000000)
  object space 646656K, 98% used [0x00000004c0000000,0x00000004e6baef68,0x00000004e7780000)
 Metaspace       used 32220K, capacity 33257K, committed 33536K, reserved 1079296K
  class space    used 3999K, capacity 4226K, committed 4352K, reserved 1048576K
Event: 2.703 GC heap after
Heap after GC invocations=7 (full 2):
 PSYoungGen      total 202240K, used 0K [0x00000006c0000000, 0x00000006fdd80000, 0x00000007c0000000)
  eden space 180736K, 0% used [0x00000006c0000000,0x00000006c0000000,0x00000006cb080000)
  from space 21504K, 0% used [0x00000006cb080000,0x00000006cb080000,0x00000006cc580000)
  to   space 344576K, 0% used [0x00000006e8d00000,0x00000006e8d00000,0x00000006fdd80000)
 ParOldGen       total 956928K, used 326840K [0x00000004c0000000, 0x00000004fa680000, 0x00000006c0000000)
  object space 956928K, 34% used [0x00000004c0000000,0x00000004d3f2e2f8,0x00000004fa680000)
 Metaspace       used 32220K, capacity 33257K, committed 33536K, reserved 1079296K
  class space    used 3999K, capacity 4226K, committed 4352K, reserved 1048576K
}

