# JRE version: Java(TM) SE Runtime Environment (8.0_101-b13) (build 1.8.0_101-b13)
# Java VM: Java HotSpot(TM) 64-Bit Server VM (25.101-b13 mixed mode windows-amd64 compressed oops)
Heap:
 PSYoungGen      total 1915904K, used 1467415K [0x0000000716100000, 0x00000007c0000000, 0x00000007c0000000)
  eden space 1549312K, 71% used [0x0000000716100000,0x000000075940d330,0x0000000774a00000)
  from space 366592K, 99% used [0x00000007a9a00000,0x00000007bfff8ab0,0x00000007c0000000)
  to   space 617472K, 0% used [0x0000000774a00000,0x0000000774a00000,0x000000079a500000)
 ParOldGen       total 4987904K, used 4282132K [0x00000005c2200000, 0x00000006f2900000, 0x0000000716100000)
  object space 4987904K, 85% used [0x00000005c2200000,0x00000006c77c50c0,0x00000006f2900000)
 Metaspace       used 59209K, capacity 61627K, committed 61824K, reserved 1103872K
  class space    used 6779K, capacity 7201K, committed 7296K, reserved 1048576K
GC Heap History (10 events):
Event: 2818.761 GC heap before
{Heap before GC invocations=281 (full 11):
 PSYoungGen      total 2446848K, used 2446529K [0x0000000716100000, 0x00000007c0000000, 0x00000007c0000000)
  eden space 2234368K, 100% used [0x0000000716100000,0x000000079e700000,0x000000079e700000)
  from space 212480K, 99% used [0x000000079e700000,0x00000007ab6305a8,0x00000007ab680000)
  to   space 294912K, 0% used [0x00000007ae000000,0x00000007ae000000,0x00000007c0000000)
 ParOldGen       total 4987904K, used 3806291K [0x00000005c2200000, 0x00000006f2900000, 0x0000000716100000)
  object space 4987904K, 76% used [0x00000005c2200000,0x00000006aa714ff0,0x00000006f2900000)
 Metaspace       used 59177K, capacity 61621K, committed 61824K, reserved 1103872K
  class space    used 6778K, capacity 7200K, committed 7296K, reserved 1048576K
Event: 2818.853 GC heap after
Heap after GC invocations=281 (full 11):
 PSYoungGen      total 2454528K, used 217217K [0x0000000716100000, 0x00000007c0000000, 0x00000007c0000000)
  eden space 2159616K, 0% used [0x0000000716100000,0x0000000716100000,0x0000000799e00000)
  from space 294912K, 73% used [0x00000007ae000000,0x00000007bb4205c8,0x00000007c0000000)
  to   space 312320K, 0% used [0x0000000799e00000,0x0000000799e00000,0x00000007acf00000)
 ParOldGen       total 4987904K, used 3816980K [0x00000005c2200000, 0x00000006f2900000, 0x0000000716100000)
  object space 4987904K, 76% used [0x00000005c2200000,0x00000006ab185010,0x00000006f2900000)
 Metaspace       used 59177K, capacity 61621K, committed 61824K, reserved 1103872K
  class space    used 6778K, capacity 7200K, committed 7296K, reserved 1048576K
}
Event: 2831.376 GC heap before
{Heap before GC invocations=282 (full 11):
 PSYoungGen      total 2454528K, used 2376833K [0x0000000716100000, 0x00000007c0000000, 0x00000007c0000000)
  eden space 2159616K, 100% used [0x0000000716100000,0x0000000799e00000,0x0000000799e00000)
  from space 294912K, 73% used [0x00000007ae000000,0x00000007bb4205c8,0x00000007c0000000)
  to   space 312320K, 0% used [0x0000000799e00000,0x0000000799e00000,0x00000007acf00000)
 ParOldGen       total 4987904K, used 3816980K [0x00000005c2200000, 0x00000006f2900000, 0x0000000716100000)
  object space 4987904K, 76% used [0x00000005c2200000,0x00000006ab185010,0x00000006f2900000)
 Metaspace       used 59177K, capacity 61621K, committed 61824K, reserved 1103872K
  class space    used 6778K, capacity 7200K, committed 7296K, reserved 1048576K
Event: 2831.538 GC heap after
Heap after GC invocations=282 (full 11):
 PSYoungGen      total 2406400K, used 246369K [0x0000000716100000, 0x00000007c0000000, 0x00000007c0000000)
  eden space 2159616K, 0% used [0x0000000716100000,0x0000000716100000,0x0000000799e00000)
  from space 246784K, 99% used [0x0000000799e00000,0x00000007a8e985d8,0x00000007a8f00000)
  to   space 335872K, 0% used [0x00000007ab800000,0x00000007ab800000,0x00000007c0000000)
 ParOldGen       total 4987904K, used 3824484K [0x00000005c2200000, 0x00000006f2900000, 0x0000000716100000)
  object space 4987904K, 76% used [0x00000005c2200000,0x00000006ab8d9020,0x00000006f2900000)
 Metaspace       used 59177K, capacity 61621K, committed 61824K, reserved 1103872K
  class space    used 6778K, capacity 7200K, committed 7296K, reserved 1048576K
}
Event: 2845.868 GC heap before
{Heap before GC invocations=283 (full 11):
 PSYoungGen      total 2406400K, used 2405985K [0x0000000716100000, 0x00000007c0000000, 0x00000007c0000000)
  eden space 2159616K, 100% used [0x0000000716100000,0x0000000799e00000,0x0000000799e00000)
  from space 246784K, 99% used [0x0000000799e00000,0x00000007a8e985d8,0x00000007a8f00000)
  to   space 335872K, 0% used [0x00000007ab800000,0x00000007ab800000,0x00000007c0000000)
 ParOldGen       total 4987904K, used 3824484K [0x00000005c2200000, 0x00000006f2900000, 0x0000000716100000)
  object space 4987904K, 76% used [0x00000005c2200000,0x00000006ab8d9020,0x00000006f2900000)
 Metaspace       used 59199K, capacity 61621K, committed 61824K, reserved 1103872K
  class space    used 6778K, capacity 7200K, committed 7296K, reserved 1048576K
Event: 2846.027 GC heap after
Heap after GC invocations=283 (full 11):
 PSYoungGen      total 2386944K, used 279604K [0x0000000716100000, 0x00000007c0000000, 0x00000007c0000000)
  eden space 2051072K, 0% used [0x0000000716100000,0x0000000716100000,0x0000000793400000)
  from space 335872K, 83% used [0x00000007ab800000,0x00000007bc90d3d8,0x00000007c0000000)
  to   space 366592K, 0% used [0x0000000793400000,0x0000000793400000,0x00000007a9a00000)
 ParOldGen       total 4987904K, used 3832252K [0x00000005c2200000, 0x00000006f2900000, 0x0000000716100000)
  object space 4987904K, 76% used [0x00000005c2200000,0x00000006ac06f040,0x00000006f2900000)
 Metaspace       used 59199K, capacity 61621K, committed 61824K, reserved 1103872K
  class space    used 6778K, capacity 7200K, committed 7296K, reserved 1048576K
}
Event: 2850.707 GC heap before
{Heap before GC invocations=284 (full 11):
 PSYoungGen      total 2386944K, used 2330676K [0x0000000716100000, 0x00000007c0000000, 0x00000007c0000000)
  eden space 2051072K, 100% used [0x0000000716100000,0x0000000793400000,0x0000000793400000)
  from space 335872K, 83% used [0x00000007ab800000,0x00000007bc90d3d8,0x00000007c0000000)
  to   space 366592K, 0% used [0x0000000793400000,0x0000000793400000,0x00000007a9a00000)
 ParOldGen       total 4987904K, used 3832252K [0x00000005c2200000, 0x00000006f2900000, 0x0000000716100000)
  object space 4987904K, 76% used [0x00000005c2200000,0x00000006ac06f040,0x00000006f2900000)
 Metaspace       used 59200K, capacity 61621K, committed 61824K, reserved 1103872K
  class space    used 6778K, capacity 7200K, committed 7296K, reserved 1048576K
Event: 2851.109 GC heap after
Heap after GC invocations=284 (full 11):
 PSYoungGen      total 2417664K, used 366562K [0x0000000716100000, 0x00000007c0000000, 0x00000007c0000000)
  eden space 2051072K, 0% used [0x0000000716100000,0x0000000716100000,0x0000000793400000)
  from space 366592K, 99% used [0x0000000793400000,0x00000007a99f8ae0,0x00000007a9a00000)
  to   space 366592K, 0% used [0x00000007a9a00000,0x00000007a9a00000,0x00000007c0000000)
 ParOldGen       total 4987904K, used 4094908K [0x00000005c2200000, 0x00000006f2900000, 0x0000000716100000)
  object space 4987904K, 82% used [0x00000005c2200000,0x00000006bc0ef090,0x00000006f2900000)
 Metaspace       used 59200K, capacity 61621K, committed 61824K, reserved 1103872K
  class space    used 6778K, capacity 7200K, committed 7296K, reserved 1048576K
}
Event: 2864.055 GC heap before
{Heap before GC invocations=285 (full 11):
 PSYoungGen      total 2417664K, used 2417634K [0x0000000716100000, 0x00000007c0000000, 0x00000007c0000000)
  eden space 2051072K, 100% used [0x0000000716100000,0x0000000793400000,0x0000000793400000)
  from space 366592K, 99% used [0x0000000793400000,0x00000007a99f8ae0,0x00000007a9a00000)
  to   space 366592K, 0% used [0x00000007a9a00000,0x00000007a9a00000,0x00000007c0000000)
 ParOldGen       total 4987904K, used 4094908K [0x00000005c2200000, 0x00000006f2900000, 0x0000000716100000)
  object space 4987904K, 82% used [0x00000005c2200000,0x00000006bc0ef090,0x00000006f2900000)
 Metaspace       used 59200K, capacity 61621K, committed 61824K, reserved 1103872K
  class space    used 6778K, capacity 7200K, committed 7296K, reserved 1048576K
Event: 2864.553 GC heap after
Heap after GC invocations=285 (full 11):
 PSYoungGen      total 1915904K, used 366562K [0x0000000716100000, 0x00000007c0000000, 0x00000007c0000000)
  eden space 1549312K, 0% used [0x0000000716100000,0x0000000716100000,0x0000000774a00000)
  from space 366592K, 99% used [0x00000007a9a00000,0x00000007bfff8ab0,0x00000007c0000000)
  to   space 617472K, 0% used [0x0000000774a00000,0x0000000774a00000,0x000000079a500000)
 ParOldGen       total 4987904K, used 4282132K [0x00000005c2200000, 0x00000006f2900000, 0x0000000716100000)
  object space 4987904K, 85% used [0x00000005c2200000,0x00000006c77c50c0,0x00000006f2900000)
 Metaspace       used 59200K, capacity 61621K, committed 61824K, reserved 1103872K
  class space    used 6778K, capacity 7200K, committed 7296K, reserved 1048576K
}

