# JRE version: Java(TM) SE Runtime Environment (8.0_101-b13) (build 1.8.0_101-b13)
# Java VM: Java HotSpot(TM) 64-Bit Server VM (25.101-b13 mixed mode windows-amd64 compressed oops)
Heap:
 PSYoungGen      total 638976K, used 134914K [0x0000000716100000, 0x0000000748800000, 0x00000007c0000000)
  eden space 519168K, 4% used [0x0000000716100000,0x0000000717928ac0,0x0000000735c00000)
  from space 119808K, 91% used [0x000000073e200000,0x0000000744d980a0,0x0000000745700000)
  to   space 137216K, 0% used [0x0000000735c00000,0x0000000735c00000,0x000000073e200000)
 ParOldGen       total 381440K, used 192835K [0x00000005c2200000, 0x00000005d9680000, 0x0000000716100000)
  object space 381440K, 50% used [0x00000005c2200000,0x00000005cde50fb0,0x00000005d9680000)
 Metaspace       used 55984K, capacity 58493K, committed 58712K, reserved 1101824K
  class space    used 6795K, capacity 7212K, committed 7296K, reserved 1048576K
GC Heap History (10 events):
Event: 17.607 GC heap before
{Heap before GC invocations=10 (full 2):
 PSYoungGen      total 284160K, used 278864K [0x0000000716100000, 0x000000072f180000, 0x00000007c0000000)
  eden space 249856K, 100% used [0x0000000716100000,0x0000000725500000,0x0000000725500000)
  from space 34304K, 84% used [0x0000000725500000,0x00000007271541f0,0x0000000727680000)
  to   space 38912K, 0% used [0x000000072cb80000,0x000000072cb80000,0x000000072f180000)
 ParOldGen       total 381440K, used 57907K [0x00000005c2200000, 0x00000005d9680000, 0x0000000716100000)
  object space 381440K, 15% used [0x00000005c2200000,0x00000005c5a8cd60,0x00000005d9680000)
 Metaspace       used 54430K, capacity 56815K, committed 57048K, reserved 1099776K
  class space    used 6641K, capacity 7055K, committed 7168K, reserved 1048576K
Event: 17.633 GC heap after
Heap after GC invocations=10 (full 2):
 PSYoungGen      total 356864K, used 38886K [0x0000000716100000, 0x0000000731900000, 0x00000007c0000000)
  eden space 317952K, 0% used [0x0000000716100000,0x0000000716100000,0x0000000729780000)
  from space 38912K, 99% used [0x000000072cb80000,0x000000072f179940,0x000000072f180000)
  to   space 53248K, 0% used [0x0000000729780000,0x0000000729780000,0x000000072cb80000)
 ParOldGen       total 381440K, used 74027K [0x00000005c2200000, 0x00000005d9680000, 0x0000000716100000)
  object space 381440K, 19% used [0x00000005c2200000,0x00000005c6a4ad60,0x00000005d9680000)
 Metaspace       used 54430K, capacity 56815K, committed 57048K, reserved 1099776K
  class space    used 6641K, capacity 7055K, committed 7168K, reserved 1048576K
}
Event: 18.168 GC heap before
{Heap before GC invocations=11 (full 2):
 PSYoungGen      total 356864K, used 356838K [0x0000000716100000, 0x0000000731900000, 0x00000007c0000000)
  eden space 317952K, 100% used [0x0000000716100000,0x0000000729780000,0x0000000729780000)
  from space 38912K, 99% used [0x000000072cb80000,0x000000072f179940,0x000000072f180000)
  to   space 53248K, 0% used [0x0000000729780000,0x0000000729780000,0x000000072cb80000)
 ParOldGen       total 381440K, used 74027K [0x00000005c2200000, 0x00000005d9680000, 0x0000000716100000)
  object space 381440K, 19% used [0x00000005c2200000,0x00000005c6a4ad60,0x00000005d9680000)
 Metaspace       used 54455K, capacity 56815K, committed 57048K, reserved 1099776K
  class space    used 6641K, capacity 7055K, committed 7168K, reserved 1048576K
Event: 18.200 GC heap after
Heap after GC invocations=11 (full 2):
 PSYoungGen      total 371200K, used 53229K [0x0000000716100000, 0x0000000736f00000, 0x00000007c0000000)
  eden space 317952K, 0% used [0x0000000716100000,0x0000000716100000,0x0000000729780000)
  from space 53248K, 99% used [0x0000000729780000,0x000000072cb7b560,0x000000072cb80000)
  to   space 66560K, 0% used [0x0000000732e00000,0x0000000732e00000,0x0000000736f00000)
 ParOldGen       total 381440K, used 83427K [0x00000005c2200000, 0x00000005d9680000, 0x0000000716100000)
  object space 381440K, 21% used [0x00000005c2200000,0x00000005c7378d60,0x00000005d9680000)
 Metaspace       used 54455K, capacity 56815K, committed 57048K, reserved 1099776K
  class space    used 6641K, capacity 7055K, committed 7168K, reserved 1048576K
}
Event: 18.599 GC heap before
{Heap before GC invocations=12 (full 2):
 PSYoungGen      total 371200K, used 371181K [0x0000000716100000, 0x0000000736f00000, 0x00000007c0000000)
  eden space 317952K, 100% used [0x0000000716100000,0x0000000729780000,0x0000000729780000)
  from space 53248K, 99% used [0x0000000729780000,0x000000072cb7b560,0x000000072cb80000)
  to   space 66560K, 0% used [0x0000000732e00000,0x0000000732e00000,0x0000000736f00000)
 ParOldGen       total 381440K, used 83427K [0x00000005c2200000, 0x00000005d9680000, 0x0000000716100000)
  object space 381440K, 21% used [0x00000005c2200000,0x00000005c7378d60,0x00000005d9680000)
 Metaspace       used 54502K, capacity 56943K, committed 57304K, reserved 1099776K
  class space    used 6643K, capacity 7055K, committed 7168K, reserved 1048576K
Event: 18.632 GC heap after
Heap after GC invocations=12 (full 2):
 PSYoungGen      total 459776K, used 66553K [0x0000000716100000, 0x0000000739580000, 0x00000007c0000000)
  eden space 393216K, 0% used [0x0000000716100000,0x0000000716100000,0x000000072e100000)
  from space 66560K, 99% used [0x0000000732e00000,0x0000000736efe5a8,0x0000000736f00000)
  to   space 78848K, 0% used [0x000000072e100000,0x000000072e100000,0x0000000732e00000)
 ParOldGen       total 381440K, used 85795K [0x00000005c2200000, 0x00000005d9680000, 0x0000000716100000)
  object space 381440K, 22% used [0x00000005c2200000,0x00000005c75c8d60,0x00000005d9680000)
 Metaspace       used 54502K, capacity 56943K, committed 57304K, reserved 1099776K
  class space    used 6643K, capacity 7055K, committed 7168K, reserved 1048576K
}
Event: 19.461 GC heap before
{Heap before GC invocations=13 (full 2):
 PSYoungGen      total 459776K, used 459769K [0x0000000716100000, 0x0000000739580000, 0x00000007c0000000)
  eden space 393216K, 100% used [0x0000000716100000,0x000000072e100000,0x000000072e100000)
  from space 66560K, 99% used [0x0000000732e00000,0x0000000736efe5a8,0x0000000736f00000)
  to   space 78848K, 0% used [0x000000072e100000,0x000000072e100000,0x0000000732e00000)
 ParOldGen       total 381440K, used 85795K [0x00000005c2200000, 0x00000005d9680000, 0x0000000716100000)
  object space 381440K, 22% used [0x00000005c2200000,0x00000005c75c8d60,0x00000005d9680000)
 Metaspace       used 54846K, capacity 57263K, committed 57560K, reserved 1099776K
  class space    used 6659K, capacity 7055K, committed 7168K, reserved 1048576K
Event: 19.551 GC heap after
Heap after GC invocations=13 (full 2):
 PSYoungGen      total 472064K, used 78837K [0x0000000716100000, 0x0000000745700000, 0x00000007c0000000)
  eden space 393216K, 0% used [0x0000000716100000,0x0000000716100000,0x000000072e100000)
  from space 78848K, 99% used [0x000000072e100000,0x0000000732dfd7a0,0x0000000732e00000)
  to   space 119808K, 0% used [0x000000073e200000,0x000000073e200000,0x0000000745700000)
 ParOldGen       total 381440K, used 160251K [0x00000005c2200000, 0x00000005d9680000, 0x0000000716100000)
  object space 381440K, 42% used [0x00000005c2200000,0x00000005cbe7efb0,0x00000005d9680000)
 Metaspace       used 54846K, capacity 57263K, committed 57560K, reserved 1099776K
  class space    used 6659K, capacity 7055K, committed 7168K, reserved 1048576K
}
Event: 20.319 GC heap before
{Heap before GC invocations=14 (full 2):
 PSYoungGen      total 472064K, used 472053K [0x0000000716100000, 0x0000000745700000, 0x00000007c0000000)
  eden space 393216K, 100% used [0x0000000716100000,0x000000072e100000,0x000000072e100000)
  from space 78848K, 99% used [0x000000072e100000,0x0000000732dfd7a0,0x0000000732e00000)
  to   space 119808K, 0% used [0x000000073e200000,0x000000073e200000,0x0000000745700000)
 ParOldGen       total 381440K, used 160251K [0x00000005c2200000, 0x00000005d9680000, 0x0000000716100000)
  object space 381440K, 42% used [0x00000005c2200000,0x00000005cbe7efb0,0x00000005d9680000)
 Metaspace       used 55784K, capacity 58263K, committed 58456K, reserved 1099776K
  class space    used 6771K, capacity 7179K, committed 7296K, reserved 1048576K
Event: 20.431 GC heap after
Heap after GC invocations=14 (full 2):
 PSYoungGen      total 638976K, used 110176K [0x0000000716100000, 0x0000000748800000, 0x00000007c0000000)
  eden space 519168K, 0% used [0x0000000716100000,0x0000000716100000,0x0000000735c00000)
  from space 119808K, 91% used [0x000000073e200000,0x0000000744d980a0,0x0000000745700000)
  to   space 137216K, 0% used [0x0000000735c00000,0x0000000735c00000,0x000000073e200000)
 ParOldGen       total 381440K, used 192835K [0x00000005c2200000, 0x00000005d9680000, 0x0000000716100000)
  object space 381440K, 50% used [0x00000005c2200000,0x00000005cde50fb0,0x00000005d9680000)
 Metaspace       used 55784K, capacity 58263K, committed 58456K, reserved 1099776K
  class space    used 6771K, capacity 7179K, committed 7296K, reserved 1048576K
}

