# JRE version: Java(TM) SE Runtime Environment (8.0_101-b13) (build 1.8.0_101-b13)
# Java VM: Java HotSpot(TM) 64-Bit Server VM (25.101-b13 mixed mode windows-amd64 compressed oops)
Heap:
 PSYoungGen      total 206336K, used 48738K [0x00000006c0000000, 0x00000006fea80000, 0x00000007c0000000)
  eden space 184832K, 26% used [0x00000006c0000000,0x00000006c2f98870,0x00000006cb480000)
  from space 21504K, 0% used [0x00000006cb480000,0x00000006cb480000,0x00000006cc980000)
  to   space 344576K, 0% used [0x00000006e9a00000,0x00000006e9a00000,0x00000006fea80000)
 ParOldGen       total 949760K, used 326868K [0x00000004c0000000, 0x00000004f9f80000, 0x00000006c0000000)
  object space 949760K, 34% used [0x00000004c0000000,0x00000004d3f35270,0x00000004f9f80000)
 Metaspace       used 34307K, capacity 35429K, committed 35456K, reserved 1081344K
  class space    used 4235K, capacity 4460K, committed 4480K, reserved 1048576K
GC Heap History (10 events):
Event: 5.682 GC heap before
{Heap before GC invocations=3 (full 1):
 PSYoungGen      total 153088K, used 131584K [0x00000006c0000000, 0x00000006caa80000, 0x00000007c0000000)
  eden space 131584K, 100% used [0x00000006c0000000,0x00000006c8080000,0x00000006c8080000)
  from space 21504K, 0% used [0x00000006c8080000,0x00000006c8080000,0x00000006c9580000)
  to   space 21504K, 0% used [0x00000006c9580000,0x00000006c9580000,0x00000006caa80000)
 ParOldGen       total 349696K, used 6606K [0x00000004c0000000, 0x00000004d5580000, 0x00000006c0000000)
  object space 349696K, 1% used [0x00000004c0000000,0x00000004c0673888,0x00000004d5580000)
 Metaspace       used 29102K, capacity 29927K, committed 30208K, reserved 1075200K
  class space    used 3647K, capacity 3831K, committed 3840K, reserved 1048576K
Event: 5.690 GC heap after
Heap after GC invocations=3 (full 1):
 PSYoungGen      total 153088K, used 6158K [0x00000006c0000000, 0x00000006cbe80000, 0x00000007c0000000)
  eden space 131584K, 0% used [0x00000006c0000000,0x00000006c0000000,0x00000006c8080000)
  from space 21504K, 28% used [0x00000006c9580000,0x00000006c9b83b68,0x00000006caa80000)
  to   space 21504K, 0% used [0x00000006c8080000,0x00000006c8080000,0x00000006c9580000)
 ParOldGen       total 349696K, used 6614K [0x00000004c0000000, 0x00000004d5580000, 0x00000006c0000000)
  object space 349696K, 1% used [0x00000004c0000000,0x00000004c0675888,0x00000004d5580000)
 Metaspace       used 29102K, capacity 29927K, committed 30208K, reserved 1075200K
  class space    used 3647K, capacity 3831K, committed 3840K, reserved 1048576K
}
Event: 5.854 GC heap before
{Heap before GC invocations=4 (full 1):
 PSYoungGen      total 153088K, used 137742K [0x00000006c0000000, 0x00000006cbe80000, 0x00000007c0000000)
  eden space 131584K, 100% used [0x00000006c0000000,0x00000006c8080000,0x00000006c8080000)
  from space 21504K, 28% used [0x00000006c9580000,0x00000006c9b83b68,0x00000006caa80000)
  to   space 21504K, 0% used [0x00000006c8080000,0x00000006c8080000,0x00000006c9580000)
 ParOldGen       total 349696K, used 6614K [0x00000004c0000000, 0x00000004d5580000, 0x00000006c0000000)
  object space 349696K, 1% used [0x00000004c0000000,0x00000004c0675888,0x00000004d5580000)
 Metaspace       used 29271K, capacity 30119K, committed 30208K, reserved 1075200K
  class space    used 3651K, capacity 3831K, committed 3840K, reserved 1048576K
Event: 5.860 GC heap after
Heap after GC invocations=4 (full 1):
 PSYoungGen      total 153088K, used 3457K [0x00000006c0000000, 0x00000006cde80000, 0x00000007c0000000)
  eden space 131584K, 0% used [0x00000006c0000000,0x00000006c0000000,0x00000006c8080000)
  from space 21504K, 16% used [0x00000006c8080000,0x00000006c83e07a8,0x00000006c9580000)
  to   space 21504K, 0% used [0x00000006cc980000,0x00000006cc980000,0x00000006cde80000)
 ParOldGen       total 349696K, used 6622K [0x00000004c0000000, 0x00000004d5580000, 0x00000006c0000000)
  object space 349696K, 1% used [0x00000004c0000000,0x00000004c0677888,0x00000004d5580000)
 Metaspace       used 29271K, capacity 30119K, committed 30208K, reserved 1075200K
  class space    used 3651K, capacity 3831K, committed 3840K, reserved 1048576K
}
Event: 6.210 GC heap before
{Heap before GC invocations=5 (full 1):
 PSYoungGen      total 153088K, used 135041K [0x00000006c0000000, 0x00000006cde80000, 0x00000007c0000000)
  eden space 131584K, 100% used [0x00000006c0000000,0x00000006c8080000,0x00000006c8080000)
  from space 21504K, 16% used [0x00000006c8080000,0x00000006c83e07a8,0x00000006c9580000)
  to   space 21504K, 0% used [0x00000006cc980000,0x00000006cc980000,0x00000006cde80000)
 ParOldGen       total 349696K, used 6622K [0x00000004c0000000, 0x00000004d5580000, 0x00000006c0000000)
  object space 349696K, 1% used [0x00000004c0000000,0x00000004c0677888,0x00000004d5580000)
 Metaspace       used 31636K, capacity 32565K, committed 32640K, reserved 1077248K
  class space    used 3962K, capacity 4190K, committed 4224K, reserved 1048576K
Event: 6.217 GC heap after
Heap after GC invocations=5 (full 1):
 PSYoungGen      total 206336K, used 4753K [0x00000006c0000000, 0x00000006ce180000, 0x00000007c0000000)
  eden space 184832K, 0% used [0x00000006c0000000,0x00000006c0000000,0x00000006cb480000)
  from space 21504K, 22% used [0x00000006cc980000,0x00000006cce24748,0x00000006cde80000)
  to   space 21504K, 0% used [0x00000006cb480000,0x00000006cb480000,0x00000006cc980000)
 ParOldGen       total 349696K, used 6630K [0x00000004c0000000, 0x00000004d5580000, 0x00000006c0000000)
  object space 349696K, 1% used [0x00000004c0000000,0x00000004c0679888,0x00000004d5580000)
 Metaspace       used 31636K, capacity 32565K, committed 32640K, reserved 1077248K
  class space    used 3962K, capacity 4190K, committed 4224K, reserved 1048576K
}
Event: 6.803 GC heap before
{Heap before GC invocations=6 (full 1):
 PSYoungGen      total 206336K, used 189585K [0x00000006c0000000, 0x00000006ce180000, 0x00000007c0000000)
  eden space 184832K, 100% used [0x00000006c0000000,0x00000006cb480000,0x00000006cb480000)
  from space 21504K, 22% used [0x00000006cc980000,0x00000006cce24748,0x00000006cde80000)
  to   space 21504K, 0% used [0x00000006cb480000,0x00000006cb480000,0x00000006cc980000)
 ParOldGen       total 349696K, used 154707K [0x00000004c0000000, 0x00000004d5580000, 0x00000006c0000000)
  object space 349696K, 44% used [0x00000004c0000000,0x00000004c9714d98,0x00000004d5580000)
 Metaspace       used 32921K, capacity 34035K, committed 34176K, reserved 1079296K
  class space    used 4116K, capacity 4361K, committed 4480K, reserved 1048576K
Event: 7.094 GC heap after
Heap after GC invocations=6 (full 1):
 PSYoungGen      total 206336K, used 21501K [0x00000006c0000000, 0x00000006fea80000, 0x00000007c0000000)
  eden space 184832K, 0% used [0x00000006c0000000,0x00000006c0000000,0x00000006cb480000)
  from space 21504K, 99% used [0x00000006cb480000,0x00000006cc97f450,0x00000006cc980000)
  to   space 344576K, 0% used [0x00000006e9a00000,0x00000006e9a00000,0x00000006fea80000)
 ParOldGen       total 646656K, used 634462K [0x00000004c0000000, 0x00000004e7780000, 0x00000006c0000000)
  object space 646656K, 98% used [0x00000004c0000000,0x00000004e6b979b8,0x00000004e7780000)
 Metaspace       used 32921K, capacity 34035K, committed 34176K, reserved 1079296K
  class space    used 4116K, capacity 4361K, committed 4480K, reserved 1048576K
}
Event: 7.094 GC heap before
{Heap before GC invocations=7 (full 2):
 PSYoungGen      total 206336K, used 21501K [0x00000006c0000000, 0x00000006fea80000, 0x00000007c0000000)
  eden space 184832K, 0% used [0x00000006c0000000,0x00000006c0000000,0x00000006cb480000)
  from space 21504K, 99% used [0x00000006cb480000,0x00000006cc97f450,0x00000006cc980000)
  to   space 344576K, 0% used [0x00000006e9a00000,0x00000006e9a00000,0x00000006fea80000)
 ParOldGen       total 646656K, used 634462K [0x00000004c0000000, 0x00000004e7780000, 0x00000006c0000000)
  object space 646656K, 98% used [0x00000004c0000000,0x00000004e6b979b8,0x00000004e7780000)
 Metaspace       used 32921K, capacity 34035K, committed 34176K, reserved 1079296K
  class space    used 4116K, capacity 4361K, committed 4480K, reserved 1048576K
Event: 7.174 GC heap after
Heap after GC invocations=7 (full 2):
 PSYoungGen      total 206336K, used 0K [0x00000006c0000000, 0x00000006fea80000, 0x00000007c0000000)
  eden space 184832K, 0% used [0x00000006c0000000,0x00000006c0000000,0x00000006cb480000)
  from space 21504K, 0% used [0x00000006cb480000,0x00000006cb480000,0x00000006cc980000)
  to   space 344576K, 0% used [0x00000006e9a00000,0x00000006e9a00000,0x00000006fea80000)
 ParOldGen       total 949760K, used 326868K [0x00000004c0000000, 0x00000004f9f80000, 0x00000006c0000000)
  object space 949760K, 34% used [0x00000004c0000000,0x00000004d3f35270,0x00000004f9f80000)
 Metaspace       used 32921K, capacity 34035K, committed 34176K, reserved 1079296K
  class space    used 4116K, capacity 4361K, committed 4480K, reserved 1048576K
}

